2018-12-17 16:44:29.013  INFO 10072 --- [main] c.f.idaweb.IdaWebApplicationTests        : Starting IdaWebApplicationTests on TSJ0573 with PID 10072 (started by yingjie.chen in E:\ideaworkspace\payment\ida-web)
2018-12-17 16:44:29.019  INFO 10072 --- [main] c.f.idaweb.IdaWebApplicationTests        : No active profile set, falling back to default profiles: default
2018-12-17 16:44:29.208  INFO 10072 --- [main] o.s.w.c.s.GenericWebApplicationContext   : Refreshing org.springframework.web.context.support.GenericWebApplicationContext@2f01783a: startup date [Mon Dec 17 16:44:29 CST 2018]; root of context hierarchy
2018-12-17 16:44:32.620  INFO 10072 --- [main] .s.d.r.c.RepositoryConfigurationDelegate : Multiple Spring Data modules found, entering strict repository configuration mode!
2018-12-17 16:44:33.516  INFO 10072 --- [main] trationDelegate$BeanPostProcessorChecker : Bean 'shiroCasConfiguration' of type [com.firesoon.idaweb.shiro.cas.ShiroCasConfiguration$$EnhancerBySpringCGLIB$$8a98ea0d] is not eligible for getting processed by all BeanPostProcessors (for example: not eligible for auto-proxying)
2018-12-17 16:44:34.306  INFO 10072 --- [main] trationDelegate$BeanPostProcessorChecker : Bean 'getEhCacheManager' of type [org.apache.shiro.cache.ehcache.EhCacheManager] is not eligible for getting processed by all BeanPostProcessors (for example: not eligible for auto-proxying)
2018-12-17 16:44:34.327  INFO 10072 --- [main] o.a.shiro.cache.ehcache.EhCacheManager   : Cache with name 'com.firesoon.idaweb.shiro.cas.realm.MyShiroCasRealm.authorizationCache' does not yet exist.  Creating now.
2018-12-17 16:44:34.351  INFO 10072 --- [main] o.a.shiro.cache.ehcache.EhCacheManager   : Added EhCache named [com.firesoon.idaweb.shiro.cas.realm.MyShiroCasRealm.authorizationCache]
2018-12-17 16:44:34.420  INFO 10072 --- [main] trationDelegate$BeanPostProcessorChecker : Bean 'org.springframework.boot.context.properties.ConversionServiceDeducer$Factory' of type [org.springframework.boot.context.properties.ConversionServiceDeducer$Factory] is not eligible for getting processed by all BeanPostProcessors (for example: not eligible for auto-proxying)
2018-12-17 16:44:34.978  INFO 10072 --- [main] trationDelegate$BeanPostProcessorChecker : Bean 'mybatis-org.mybatis.spring.boot.autoconfigure.MybatisProperties' of type [org.mybatis.spring.boot.autoconfigure.MybatisProperties] is not eligible for getting processed by all BeanPostProcessors (for example: not eligible for auto-proxying)
2018-12-17 16:44:34.991  INFO 10072 --- [main] trationDelegate$BeanPostProcessorChecker : Bean 'org.mybatis.spring.boot.autoconfigure.MybatisAutoConfiguration' of type [org.mybatis.spring.boot.autoconfigure.MybatisAutoConfiguration$$EnhancerBySpringCGLIB$$21419fac] is not eligible for getting processed by all BeanPostProcessors (for example: not eligible for auto-proxying)
2018-12-17 16:44:34.996  INFO 10072 --- [main] trationDelegate$BeanPostProcessorChecker : Bean 'org.springframework.boot.autoconfigure.jdbc.DataSourceConfiguration$Hikari' of type [org.springframework.boot.autoconfigure.jdbc.DataSourceConfiguration$Hikari] is not eligible for getting processed by all BeanPostProcessors (for example: not eligible for auto-proxying)
2018-12-17 16:44:35.026  INFO 10072 --- [main] trationDelegate$BeanPostProcessorChecker : Bean 'spring.datasource-org.springframework.boot.autoconfigure.jdbc.DataSourceProperties' of type [org.springframework.boot.autoconfigure.jdbc.DataSourceProperties] is not eligible for getting processed by all BeanPostProcessors (for example: not eligible for auto-proxying)
2018-12-17 16:44:35.262  INFO 10072 --- [main] trationDelegate$BeanPostProcessorChecker : Bean 'dataSource' of type [com.zaxxer.hikari.HikariDataSource] is not eligible for getting processed by all BeanPostProcessors (for example: not eligible for auto-proxying)
2018-12-17 16:44:35.644  INFO 10072 --- [main] trationDelegate$BeanPostProcessorChecker : Bean 'sqlSessionFactory' of type [org.apache.ibatis.session.defaults.DefaultSqlSessionFactory] is not eligible for getting processed by all BeanPostProcessors (for example: not eligible for auto-proxying)
2018-12-17 16:44:35.938  INFO 10072 --- [main] trationDelegate$BeanPostProcessorChecker : Bean 'sqlSessionTemplate' of type [org.mybatis.spring.SqlSessionTemplate] is not eligible for getting processed by all BeanPostProcessors (for example: not eligible for auto-proxying)
2018-12-17 16:44:35.939  INFO 10072 --- [main] trationDelegate$BeanPostProcessorChecker : Bean 'userMapper' of type [org.mybatis.spring.mapper.MapperFactoryBean] is not eligible for getting processed by all BeanPostProcessors (for example: not eligible for auto-proxying)
2018-12-17 16:44:36.002  INFO 10072 --- [main] trationDelegate$BeanPostProcessorChecker : Bean 'userMapper' of type [com.sun.proxy.$Proxy90] is not eligible for getting processed by all BeanPostProcessors (for example: not eligible for auto-proxying)
2018-12-17 16:44:36.003  INFO 10072 --- [main] trationDelegate$BeanPostProcessorChecker : Bean 'userSerivceImpl' of type [com.firesoon.idaservice.user.impl.UserSerivceImpl] is not eligible for getting processed by all BeanPostProcessors (for example: not eligible for auto-proxying)
2018-12-17 16:44:36.007  INFO 10072 --- [main] trationDelegate$BeanPostProcessorChecker : Bean 'myShiroCasRealm' of type [com.firesoon.idaweb.shiro.cas.realm.MyShiroCasRealm] is not eligible for getting processed by all BeanPostProcessors (for example: not eligible for auto-proxying)
2018-12-17 16:44:36.272  INFO 10072 --- [main] trationDelegate$BeanPostProcessorChecker : Bean 'securityManager' of type [org.apache.shiro.web.mgt.DefaultWebSecurityManager] is not eligible for getting processed by all BeanPostProcessors (for example: not eligible for auto-proxying)
2018-12-17 16:44:36.285  INFO 10072 --- [main] trationDelegate$BeanPostProcessorChecker : Bean 'cas' of type [org.apache.shiro.cas.CasFilter] is not eligible for getting processed by all BeanPostProcessors (for example: not eligible for auto-proxying)
2018-12-17 16:44:36.292  INFO 10072 --- [main] trationDelegate$BeanPostProcessorChecker : Bean 'user' of type [com.firesoon.idaweb.shiro.cas.filter.UserFilter] is not eligible for getting processed by all BeanPostProcessors (for example: not eligible for auto-proxying)
2018-12-17 16:44:36.400  INFO 10072 --- [main] trationDelegate$BeanPostProcessorChecker : Bean 'getAuthorizationAttributeSourceAdvisor' of type [org.apache.shiro.spring.security.interceptor.AuthorizationAttributeSourceAdvisor] is not eligible for getting processed by all BeanPostProcessors (for example: not eligible for auto-proxying)
2018-12-17 16:44:36.453  INFO 10072 --- [main] trationDelegate$BeanPostProcessorChecker : Bean 'org.springframework.transaction.annotation.ProxyTransactionManagementConfiguration' of type [org.springframework.transaction.annotation.ProxyTransactionManagementConfiguration$$EnhancerBySpringCGLIB$$ee6d4e7c] is not eligible for getting processed by all BeanPostProcessors (for example: not eligible for auto-proxying)
2018-12-17 16:44:38.363  INFO 10072 --- [main] s.w.s.m.m.a.RequestMappingHandlerMapping : Mapped "{[/api/appealTemplate/add],methods=[GET || POST]}" onto public java.lang.Object com.firesoon.idaweb.web.appealTemplate.AppealTemplateController.add(java.util.Map<java.lang.String, java.lang.Object>)
2018-12-17 16:44:38.364  INFO 10072 --- [main] s.w.s.m.m.a.RequestMappingHandlerMapping : Mapped "{[/api/appealTemplate/update],methods=[GET || POST]}" onto public java.lang.Object com.firesoon.idaweb.web.appealTemplate.AppealTemplateController.update(java.util.Map<java.lang.String, java.lang.Object>)
2018-12-17 16:44:38.364  INFO 10072 --- [main] s.w.s.m.m.a.RequestMappingHandlerMapping : Mapped "{[/api/appealTemplate/delete],methods=[GET || POST]}" onto public java.lang.Object com.firesoon.idaweb.web.appealTemplate.AppealTemplateController.delete(java.util.Map<java.lang.String, java.lang.Object>)
2018-12-17 16:44:38.365  INFO 10072 --- [main] s.w.s.m.m.a.RequestMappingHandlerMapping : Mapped "{[/api/appealTemplate/query],methods=[GET || POST]}" onto public java.lang.Object com.firesoon.idaweb.web.appealTemplate.AppealTemplateController.query(java.util.Map<java.lang.String, java.lang.Object>)
2018-12-17 16:44:38.368  INFO 10072 --- [main] s.w.s.m.m.a.RequestMappingHandlerMapping : Mapped "{[/api/chargeBill/delete],methods=[POST || GET]}" onto public java.lang.Object com.firesoon.idaweb.web.chargeBill.ChargeBillController.delete(java.util.Map<java.lang.String, java.lang.Object>)
2018-12-17 16:44:38.369  INFO 10072 --- [main] s.w.s.m.m.a.RequestMappingHandlerMapping : Mapped "{[/api/chargeBill/query],methods=[POST || GET]}" onto public java.lang.Object com.firesoon.idaweb.web.chargeBill.ChargeBillController.query(java.util.Map<java.lang.String, java.lang.Object>)
2018-12-17 16:44:38.372  INFO 10072 --- [main] s.w.s.m.m.a.RequestMappingHandlerMapping : Mapped "{[/api/chargeBillDetail/query],methods=[POST || GET]}" onto public java.lang.Object com.firesoon.idaweb.web.chargeBillDetail.ChargeBillDetailController.query(java.util.Map<java.lang.String, java.lang.Object>)
2018-12-17 16:44:38.373  INFO 10072 --- [main] s.w.s.m.m.a.RequestMappingHandlerMapping : Mapped "{[/api/chargeBillDetail/allDepartment],methods=[POST || GET]}" onto public java.lang.Object com.firesoon.idaweb.web.chargeBillDetail.ChargeBillDetailController.allDepartment(java.util.Map<java.lang.String, java.lang.Object>)
2018-12-17 16:44:38.373  INFO 10072 --- [main] s.w.s.m.m.a.RequestMappingHandlerMapping : Mapped "{[/api/chargeBillDetail/allItem],methods=[POST || GET]}" onto public java.lang.Object com.firesoon.idaweb.web.chargeBillDetail.ChargeBillDetailController.allItem(java.util.Map<java.lang.String, java.lang.Object>)
2018-12-17 16:44:38.373  INFO 10072 --- [main] s.w.s.m.m.a.RequestMappingHandlerMapping : Mapped "{[/api/chargeBillDetail/changeDepartment],methods=[POST || GET]}" onto public java.lang.Object com.firesoon.idaweb.web.chargeBillDetail.ChargeBillDetailController.changeDepartment(java.util.Map<java.lang.String, java.lang.Object>)
2018-12-17 16:44:38.373  INFO 10072 --- [main] s.w.s.m.m.a.RequestMappingHandlerMapping : Mapped "{[/api/chargeBillDetail/getAppealMessage],methods=[POST || GET]}" onto public java.lang.Object com.firesoon.idaweb.web.chargeBillDetail.ChargeBillDetailController.getAppealMessage(java.util.Map<java.lang.String, java.lang.Object>)
2018-12-17 16:44:38.374  INFO 10072 --- [main] s.w.s.m.m.a.RequestMappingHandlerMapping : Mapped "{[/api/chargeBillDetail/appeal],methods=[POST || GET]}" onto public java.lang.Object com.firesoon.idaweb.web.chargeBillDetail.ChargeBillDetailController.appeal(java.util.Map<java.lang.String, java.lang.Object>)
2018-12-17 16:44:38.375  INFO 10072 --- [main] s.w.s.m.m.a.RequestMappingHandlerMapping : Mapped "{[/api/chargeBillDetail/levelDownload],methods=[POST || GET]}" onto public void com.firesoon.idaweb.web.chargeBillDetail.ChargeBillDetailController.levelDownload(java.util.Map<java.lang.String, java.lang.Object>,javax.servlet.http.HttpServletRequest,javax.servlet.http.HttpServletResponse)
2018-12-17 16:44:38.375  INFO 10072 --- [main] s.w.s.m.m.a.RequestMappingHandlerMapping : Mapped "{[/api/chargeBillDetail/getSectionLevelMonth],methods=[POST || GET]}" onto public java.lang.Object com.firesoon.idaweb.web.chargeBillDetail.ChargeBillDetailController.getSectionLevelMonth()
2018-12-17 16:44:38.376  INFO 10072 --- [main] s.w.s.m.m.a.RequestMappingHandlerMapping : Mapped "{[/api/chargeBillDetail/getAllAppealConfig],methods=[POST || GET]}" onto public java.lang.Object com.firesoon.idaweb.web.chargeBillDetail.ChargeBillDetailController.getAllAppealConfig(java.util.Map<java.lang.String, java.lang.Object>)
2018-12-17 16:44:38.376  INFO 10072 --- [main] s.w.s.m.m.a.RequestMappingHandlerMapping : Mapped "{[/api/common/upload],methods=[POST]}" onto public java.lang.Object com.firesoon.idaweb.web.common.CommonController.upload(org.springframework.web.multipart.MultipartFile,javax.servlet.http.HttpServletRequest) throws java.io.IOException
2018-12-17 16:44:38.377  INFO 10072 --- [main] s.w.s.m.m.a.RequestMappingHandlerMapping : Mapped "{[/api/common/import],methods=[POST]}" onto public java.lang.Object com.firesoon.idaweb.web.common.CommonController.importXls(java.util.Map<java.lang.String, java.lang.Object>)
2018-12-17 16:44:38.384  INFO 10072 --- [main] s.w.s.m.m.a.RequestMappingHandlerMapping : Mapped "{[/api/importRecord/query],methods=[GET || POST]}" onto public java.lang.Object com.firesoon.idaweb.web.importRecord.ImportRecordController.query(java.util.Map<java.lang.String, java.lang.Object>)
2018-12-17 16:44:38.384  INFO 10072 --- [main] s.w.s.m.m.a.RequestMappingHandlerMapping : Mapped "{[/api/importRecord/download],methods=[GET || POST]}" onto public void com.firesoon.idaweb.web.importRecord.ImportRecordController.download(java.util.Map<java.lang.String, java.lang.Object>,javax.servlet.http.HttpServletResponse,javax.servlet.http.HttpServletRequest) throws java.io.IOException
2018-12-17 16:44:38.385  INFO 10072 --- [main] s.w.s.m.m.a.RequestMappingHandlerMapping : Mapped "{[/api/demo/a],methods=[GET]}" onto public java.lang.Object com.firesoon.idaweb.web.user.DemoController.a()
2018-12-17 16:44:38.386  INFO 10072 --- [main] s.w.s.m.m.a.RequestMappingHandlerMapping : Mapped "{[/logout],methods=[POST || GET]}" onto public java.lang.Object com.firesoon.idaweb.web.user.LoginController.logout()
2018-12-17 16:44:38.387  INFO 10072 --- [main] s.w.s.m.m.a.RequestMappingHandlerMapping : Mapped "{[/api/user/user],methods=[POST || GET]}" onto public java.lang.Object com.firesoon.idaweb.web.user.UserController.getUser()
2018-12-17 16:44:38.402  INFO 10072 --- [main] s.w.s.m.m.a.RequestMappingHandlerMapping : Mapped "{[/swagger-resources/configuration/ui]}" onto public org.springframework.http.ResponseEntity<springfox.documentation.swagger.web.UiConfiguration> springfox.documentation.swagger.web.ApiResourceController.uiConfiguration()
2018-12-17 16:44:38.402  INFO 10072 --- [main] s.w.s.m.m.a.RequestMappingHandlerMapping : Mapped "{[/swagger-resources]}" onto public org.springframework.http.ResponseEntity<java.util.List<springfox.documentation.swagger.web.SwaggerResource>> springfox.documentation.swagger.web.ApiResourceController.swaggerResources()
2018-12-17 16:44:38.403  INFO 10072 --- [main] s.w.s.m.m.a.RequestMappingHandlerMapping : Mapped "{[/swagger-resources/configuration/security]}" onto public org.springframework.http.ResponseEntity<springfox.documentation.swagger.web.SecurityConfiguration> springfox.documentation.swagger.web.ApiResourceController.securityConfiguration()
2018-12-17 16:44:38.411  INFO 10072 --- [main] s.w.s.m.m.a.RequestMappingHandlerMapping : Mapped "{[/error]}" onto public org.springframework.http.ResponseEntity<java.util.Map<java.lang.String, java.lang.Object>> org.springframework.boot.autoconfigure.web.servlet.error.BasicErrorController.error(javax.servlet.http.HttpServletRequest)
2018-12-17 16:44:38.412  INFO 10072 --- [main] s.w.s.m.m.a.RequestMappingHandlerMapping : Mapped "{[/error],produces=[text/html]}" onto public org.springframework.web.servlet.ModelAndView org.springframework.boot.autoconfigure.web.servlet.error.BasicErrorController.errorHtml(javax.servlet.http.HttpServletRequest,javax.servlet.http.HttpServletResponse)
2018-12-17 16:44:38.849  INFO 10072 --- [main] pertySourcedRequestMappingHandlerMapping : Mapped URL path [/v2/api-docs] onto method [public org.springframework.http.ResponseEntity<springfox.documentation.spring.web.json.Json> springfox.documentation.swagger2.web.Swagger2Controller.getDocumentation(java.lang.String,javax.servlet.http.HttpServletRequest)]
2018-12-17 16:44:39.447  INFO 10072 --- [main] o.s.w.s.handler.SimpleUrlHandlerMapping  : Mapped URL path [/**/favicon.ico] onto handler of type [class org.springframework.web.servlet.resource.ResourceHttpRequestHandler]
2018-12-17 16:44:40.737  INFO 10072 --- [main] s.w.s.m.m.a.RequestMappingHandlerAdapter : Looking for @ControllerAdvice: org.springframework.web.context.support.GenericWebApplicationContext@2f01783a: startup date [Mon Dec 17 16:44:29 CST 2018]; root of context hierarchy
2018-12-17 16:44:40.872  INFO 10072 --- [main] o.s.w.s.handler.SimpleUrlHandlerMapping  : Mapped URL path [/webjars/**] onto handler of type [class org.springframework.web.servlet.resource.ResourceHttpRequestHandler]
2018-12-17 16:44:40.872  INFO 10072 --- [main] o.s.w.s.handler.SimpleUrlHandlerMapping  : Mapped URL path [/**] onto handler of type [class org.springframework.web.servlet.resource.ResourceHttpRequestHandler]
2018-12-17 16:44:40.902  INFO 10072 --- [main] .m.m.a.ExceptionHandlerExceptionResolver : Detected @ExceptionHandler methods in appealTemplateController
2018-12-17 16:44:40.903  INFO 10072 --- [main] .m.m.a.ExceptionHandlerExceptionResolver : Detected @ExceptionHandler methods in baseController
2018-12-17 16:44:40.903  INFO 10072 --- [main] .m.m.a.ExceptionHandlerExceptionResolver : Detected @ExceptionHandler methods in chargeBillController
2018-12-17 16:44:40.904  INFO 10072 --- [main] .m.m.a.ExceptionHandlerExceptionResolver : Detected @ExceptionHandler methods in chargeBillDetailController
2018-12-17 16:44:40.904  INFO 10072 --- [main] .m.m.a.ExceptionHandlerExceptionResolver : Detected @ExceptionHandler methods in commonController
2018-12-17 16:44:40.904  INFO 10072 --- [main] .m.m.a.ExceptionHandlerExceptionResolver : Detected @ExceptionHandler methods in importRecordController
2018-12-17 16:44:40.904  INFO 10072 --- [main] .m.m.a.ExceptionHandlerExceptionResolver : Detected @ExceptionHandler methods in demoController
2018-12-17 16:44:40.904  INFO 10072 --- [main] .m.m.a.ExceptionHandlerExceptionResolver : Detected @ExceptionHandler methods in loginController
2018-12-17 16:44:40.904  INFO 10072 --- [main] .m.m.a.ExceptionHandlerExceptionResolver : Detected @ExceptionHandler methods in userController
2018-12-17 16:44:43.508  INFO 10072 --- [main] io.lettuce.core.EpollProvider            : Starting without optional epoll library
2018-12-17 16:44:43.509  INFO 10072 --- [main] io.lettuce.core.KqueueProvider           : Starting without optional kqueue library
2018-12-17 16:44:44.878  INFO 10072 --- [main] o.s.c.support.DefaultLifecycleProcessor  : Starting beans in phase 2147483647
2018-12-17 16:44:44.878  INFO 10072 --- [main] d.s.w.p.DocumentationPluginsBootstrapper : Context refreshed
2018-12-17 16:44:44.940  INFO 10072 --- [main] d.s.w.p.DocumentationPluginsBootstrapper : Found 1 custom documentation plugin(s)
2018-12-17 16:44:45.004  INFO 10072 --- [main] s.d.s.w.s.ApiListingReferenceScanner     : Scanning for api listing references
2018-12-17 16:44:45.287  INFO 10072 --- [main] .d.s.w.r.o.CachingOperationNameGenerator : Generating unique operation named: deleteUsingPOST_1
2018-12-17 16:44:45.291  INFO 10072 --- [main] .d.s.w.r.o.CachingOperationNameGenerator : Generating unique operation named: deleteUsingGET_1
2018-12-17 16:44:45.295  INFO 10072 --- [main] .d.s.w.r.o.CachingOperationNameGenerator : Generating unique operation named: queryUsingPOST_1
2018-12-17 16:44:45.297  INFO 10072 --- [main] .d.s.w.r.o.CachingOperationNameGenerator : Generating unique operation named: queryUsingGET_1
2018-12-17 16:44:45.355  INFO 10072 --- [main] .d.s.w.r.o.CachingOperationNameGenerator : Generating unique operation named: queryUsingPOST_2
2018-12-17 16:44:45.356  INFO 10072 --- [main] .d.s.w.r.o.CachingOperationNameGenerator : Generating unique operation named: queryUsingGET_2
2018-12-17 16:44:45.371  INFO 10072 --- [main] .d.s.w.r.o.CachingOperationNameGenerator : Generating unique operation named: queryUsingGET_3
2018-12-17 16:44:45.372  INFO 10072 --- [main] .d.s.w.r.o.CachingOperationNameGenerator : Generating unique operation named: queryUsingPOST_3
2018-12-17 16:44:45.939  INFO 10072 --- [main] s.a.ScheduledAnnotationBeanPostProcessor : No TaskScheduler/ScheduledExecutorService bean found for scheduled processing
2018-12-17 16:44:45.956  INFO 10072 --- [main] c.f.idaweb.IdaWebApplicationTests        : Started IdaWebApplicationTests in 18.144 seconds (JVM running for 19.933)
2018-12-17 16:44:46.353  INFO 10072 --- [Thread-4] o.s.w.c.s.GenericWebApplicationContext   : Closing org.springframework.web.context.support.GenericWebApplicationContext@2f01783a: startup date [Mon Dec 17 16:44:29 CST 2018]; root of context hierarchy
2018-12-17 16:44:46.356  INFO 10072 --- [Thread-4] o.s.c.support.DefaultLifecycleProcessor  : Stopping beans in phase 2147483647
2018-12-17 17:01:53.761  INFO 11460 --- [main] c.f.idaweb.IdaWebApplicationTests        : Starting IdaWebApplicationTests on TSJ0573 with PID 11460 (started by yingjie.chen in E:\ideaworkspace\payment\ida-web)
2018-12-17 17:01:53.777  INFO 11460 --- [main] c.f.idaweb.IdaWebApplicationTests        : No active profile set, falling back to default profiles: default
2018-12-17 17:01:53.986  INFO 11460 --- [main] o.s.w.c.s.GenericWebApplicationContext   : Refreshing org.springframework.web.context.support.GenericWebApplicationContext@2f01783a: startup date [Mon Dec 17 17:01:53 CST 2018]; root of context hierarchy
2018-12-17 17:01:57.829  INFO 11460 --- [main] .s.d.r.c.RepositoryConfigurationDelegate : Multiple Spring Data modules found, entering strict repository configuration mode!
2018-12-17 17:01:58.947  INFO 11460 --- [main] trationDelegate$BeanPostProcessorChecker : Bean 'shiroCasConfiguration' of type [com.firesoon.idaweb.shiro.cas.ShiroCasConfiguration$$EnhancerBySpringCGLIB$$fcad3f9f] is not eligible for getting processed by all BeanPostProcessors (for example: not eligible for auto-proxying)
2018-12-17 17:01:59.529  INFO 11460 --- [main] trationDelegate$BeanPostProcessorChecker : Bean 'getEhCacheManager' of type [org.apache.shiro.cache.ehcache.EhCacheManager] is not eligible for getting processed by all BeanPostProcessors (for example: not eligible for auto-proxying)
2018-12-17 17:01:59.559  INFO 11460 --- [main] o.a.shiro.cache.ehcache.EhCacheManager   : Cache with name 'com.firesoon.idaweb.shiro.cas.realm.MyShiroCasRealm.authorizationCache' does not yet exist.  Creating now.
2018-12-17 17:01:59.605  INFO 11460 --- [main] o.a.shiro.cache.ehcache.EhCacheManager   : Added EhCache named [com.firesoon.idaweb.shiro.cas.realm.MyShiroCasRealm.authorizationCache]
2018-12-17 17:01:59.658  INFO 11460 --- [main] trationDelegate$BeanPostProcessorChecker : Bean 'org.springframework.boot.context.properties.ConversionServiceDeducer$Factory' of type [org.springframework.boot.context.properties.ConversionServiceDeducer$Factory] is not eligible for getting processed by all BeanPostProcessors (for example: not eligible for auto-proxying)
2018-12-17 17:02:00.000  INFO 11460 --- [main] trationDelegate$BeanPostProcessorChecker : Bean 'mybatis-org.mybatis.spring.boot.autoconfigure.MybatisProperties' of type [org.mybatis.spring.boot.autoconfigure.MybatisProperties] is not eligible for getting processed by all BeanPostProcessors (for example: not eligible for auto-proxying)
2018-12-17 17:02:00.010  INFO 11460 --- [main] trationDelegate$BeanPostProcessorChecker : Bean 'org.mybatis.spring.boot.autoconfigure.MybatisAutoConfiguration' of type [org.mybatis.spring.boot.autoconfigure.MybatisAutoConfiguration$$EnhancerBySpringCGLIB$$9355f53e] is not eligible for getting processed by all BeanPostProcessors (for example: not eligible for auto-proxying)
2018-12-17 17:02:00.013  INFO 11460 --- [main] trationDelegate$BeanPostProcessorChecker : Bean 'org.springframework.boot.autoconfigure.jdbc.DataSourceConfiguration$Hikari' of type [org.springframework.boot.autoconfigure.jdbc.DataSourceConfiguration$Hikari] is not eligible for getting processed by all BeanPostProcessors (for example: not eligible for auto-proxying)
2018-12-17 17:02:00.054  INFO 11460 --- [main] trationDelegate$BeanPostProcessorChecker : Bean 'spring.datasource-org.springframework.boot.autoconfigure.jdbc.DataSourceProperties' of type [org.springframework.boot.autoconfigure.jdbc.DataSourceProperties] is not eligible for getting processed by all BeanPostProcessors (for example: not eligible for auto-proxying)
2018-12-17 17:02:00.289  INFO 11460 --- [main] trationDelegate$BeanPostProcessorChecker : Bean 'dataSource' of type [com.zaxxer.hikari.HikariDataSource] is not eligible for getting processed by all BeanPostProcessors (for example: not eligible for auto-proxying)
2018-12-17 17:02:00.571  INFO 11460 --- [main] trationDelegate$BeanPostProcessorChecker : Bean 'sqlSessionFactory' of type [org.apache.ibatis.session.defaults.DefaultSqlSessionFactory] is not eligible for getting processed by all BeanPostProcessors (for example: not eligible for auto-proxying)
2018-12-17 17:02:00.637  INFO 11460 --- [main] trationDelegate$BeanPostProcessorChecker : Bean 'sqlSessionTemplate' of type [org.mybatis.spring.SqlSessionTemplate] is not eligible for getting processed by all BeanPostProcessors (for example: not eligible for auto-proxying)
2018-12-17 17:02:00.637  INFO 11460 --- [main] trationDelegate$BeanPostProcessorChecker : Bean 'userMapper' of type [org.mybatis.spring.mapper.MapperFactoryBean] is not eligible for getting processed by all BeanPostProcessors (for example: not eligible for auto-proxying)
2018-12-17 17:02:00.651  INFO 11460 --- [main] trationDelegate$BeanPostProcessorChecker : Bean 'userMapper' of type [com.sun.proxy.$Proxy90] is not eligible for getting processed by all BeanPostProcessors (for example: not eligible for auto-proxying)
2018-12-17 17:02:00.654  INFO 11460 --- [main] trationDelegate$BeanPostProcessorChecker : Bean 'userSerivceImpl' of type [com.firesoon.idaservice.user.impl.UserSerivceImpl] is not eligible for getting processed by all BeanPostProcessors (for example: not eligible for auto-proxying)
2018-12-17 17:02:00.667  INFO 11460 --- [main] trationDelegate$BeanPostProcessorChecker : Bean 'myShiroCasRealm' of type [com.firesoon.idaweb.shiro.cas.realm.MyShiroCasRealm] is not eligible for getting processed by all BeanPostProcessors (for example: not eligible for auto-proxying)
2018-12-17 17:02:00.845  INFO 11460 --- [main] trationDelegate$BeanPostProcessorChecker : Bean 'securityManager' of type [org.apache.shiro.web.mgt.DefaultWebSecurityManager] is not eligible for getting processed by all BeanPostProcessors (for example: not eligible for auto-proxying)
2018-12-17 17:02:00.856  INFO 11460 --- [main] trationDelegate$BeanPostProcessorChecker : Bean 'cas' of type [org.apache.shiro.cas.CasFilter] is not eligible for getting processed by all BeanPostProcessors (for example: not eligible for auto-proxying)
2018-12-17 17:02:00.863  INFO 11460 --- [main] trationDelegate$BeanPostProcessorChecker : Bean 'user' of type [com.firesoon.idaweb.shiro.cas.filter.UserFilter] is not eligible for getting processed by all BeanPostProcessors (for example: not eligible for auto-proxying)
2018-12-17 17:02:01.017  INFO 11460 --- [main] trationDelegate$BeanPostProcessorChecker : Bean 'getAuthorizationAttributeSourceAdvisor' of type [org.apache.shiro.spring.security.interceptor.AuthorizationAttributeSourceAdvisor] is not eligible for getting processed by all BeanPostProcessors (for example: not eligible for auto-proxying)
2018-12-17 17:02:01.075  INFO 11460 --- [main] trationDelegate$BeanPostProcessorChecker : Bean 'org.springframework.transaction.annotation.ProxyTransactionManagementConfiguration' of type [org.springframework.transaction.annotation.ProxyTransactionManagementConfiguration$$EnhancerBySpringCGLIB$$6081a40e] is not eligible for getting processed by all BeanPostProcessors (for example: not eligible for auto-proxying)
2018-12-17 17:02:03.078  INFO 11460 --- [main] s.w.s.m.m.a.RequestMappingHandlerMapping : Mapped "{[/api/appealTemplate/add],methods=[GET || POST]}" onto public java.lang.Object com.firesoon.idaweb.web.appealTemplate.AppealTemplateController.add(java.util.Map<java.lang.String, java.lang.Object>)
2018-12-17 17:02:03.079  INFO 11460 --- [main] s.w.s.m.m.a.RequestMappingHandlerMapping : Mapped "{[/api/appealTemplate/update],methods=[GET || POST]}" onto public java.lang.Object com.firesoon.idaweb.web.appealTemplate.AppealTemplateController.update(java.util.Map<java.lang.String, java.lang.Object>)
2018-12-17 17:02:03.080  INFO 11460 --- [main] s.w.s.m.m.a.RequestMappingHandlerMapping : Mapped "{[/api/appealTemplate/delete],methods=[GET || POST]}" onto public java.lang.Object com.firesoon.idaweb.web.appealTemplate.AppealTemplateController.delete(java.util.Map<java.lang.String, java.lang.Object>)
2018-12-17 17:02:03.080  INFO 11460 --- [main] s.w.s.m.m.a.RequestMappingHandlerMapping : Mapped "{[/api/appealTemplate/query],methods=[GET || POST]}" onto public java.lang.Object com.firesoon.idaweb.web.appealTemplate.AppealTemplateController.query(java.util.Map<java.lang.String, java.lang.Object>)
2018-12-17 17:02:03.084  INFO 11460 --- [main] s.w.s.m.m.a.RequestMappingHandlerMapping : Mapped "{[/api/chargeBill/delete],methods=[POST || GET]}" onto public java.lang.Object com.firesoon.idaweb.web.chargeBill.ChargeBillController.delete(java.util.Map<java.lang.String, java.lang.Object>)
2018-12-17 17:02:03.085  INFO 11460 --- [main] s.w.s.m.m.a.RequestMappingHandlerMapping : Mapped "{[/api/chargeBill/query],methods=[POST || GET]}" onto public java.lang.Object com.firesoon.idaweb.web.chargeBill.ChargeBillController.query(java.util.Map<java.lang.String, java.lang.Object>)
2018-12-17 17:02:03.093  INFO 11460 --- [main] s.w.s.m.m.a.RequestMappingHandlerMapping : Mapped "{[/api/chargeBillDetail/query],methods=[POST || GET]}" onto public java.lang.Object com.firesoon.idaweb.web.chargeBillDetail.ChargeBillDetailController.query(java.util.Map<java.lang.String, java.lang.Object>)
2018-12-17 17:02:03.094  INFO 11460 --- [main] s.w.s.m.m.a.RequestMappingHandlerMapping : Mapped "{[/api/chargeBillDetail/getSectionLevelMonth],methods=[POST || GET]}" onto public java.lang.Object com.firesoon.idaweb.web.chargeBillDetail.ChargeBillDetailController.getSectionLevelMonth()
2018-12-17 17:02:03.094  INFO 11460 --- [main] s.w.s.m.m.a.RequestMappingHandlerMapping : Mapped "{[/api/chargeBillDetail/allDepartmentConfig],methods=[POST || GET]}" onto public java.lang.Object com.firesoon.idaweb.web.chargeBillDetail.ChargeBillDetailController.allDepartmentConfig()
2018-12-17 17:02:03.094  INFO 11460 --- [main] s.w.s.m.m.a.RequestMappingHandlerMapping : Mapped "{[/api/chargeBillDetail/allDepartment],methods=[POST || GET]}" onto public java.lang.Object com.firesoon.idaweb.web.chargeBillDetail.ChargeBillDetailController.allDepartment(java.util.Map<java.lang.String, java.lang.Object>)
2018-12-17 17:02:03.094  INFO 11460 --- [main] s.w.s.m.m.a.RequestMappingHandlerMapping : Mapped "{[/api/chargeBillDetail/allItem],methods=[POST || GET]}" onto public java.lang.Object com.firesoon.idaweb.web.chargeBillDetail.ChargeBillDetailController.allItem(java.util.Map<java.lang.String, java.lang.Object>)
2018-12-17 17:02:03.095  INFO 11460 --- [main] s.w.s.m.m.a.RequestMappingHandlerMapping : Mapped "{[/api/chargeBillDetail/changeDepartment],methods=[POST || GET]}" onto public java.lang.Object com.firesoon.idaweb.web.chargeBillDetail.ChargeBillDetailController.changeDepartment(java.util.Map<java.lang.String, java.lang.Object>)
2018-12-17 17:02:03.097  INFO 11460 --- [main] s.w.s.m.m.a.RequestMappingHandlerMapping : Mapped "{[/api/chargeBillDetail/getAppealMessage],methods=[POST || GET]}" onto public java.lang.Object com.firesoon.idaweb.web.chargeBillDetail.ChargeBillDetailController.getAppealMessage(java.util.Map<java.lang.String, java.lang.Object>)
2018-12-17 17:02:03.097  INFO 11460 --- [main] s.w.s.m.m.a.RequestMappingHandlerMapping : Mapped "{[/api/chargeBillDetail/appeal],methods=[POST || GET]}" onto public java.lang.Object com.firesoon.idaweb.web.chargeBillDetail.ChargeBillDetailController.appeal(java.util.Map<java.lang.String, java.lang.Object>)
2018-12-17 17:02:03.097  INFO 11460 --- [main] s.w.s.m.m.a.RequestMappingHandlerMapping : Mapped "{[/api/chargeBillDetail/levelDownload],methods=[POST || GET]}" onto public void com.firesoon.idaweb.web.chargeBillDetail.ChargeBillDetailController.levelDownload(java.util.Map<java.lang.String, java.lang.Object>,javax.servlet.http.HttpServletRequest,javax.servlet.http.HttpServletResponse)
2018-12-17 17:02:03.098  INFO 11460 --- [main] s.w.s.m.m.a.RequestMappingHandlerMapping : Mapped "{[/api/common/upload],methods=[POST]}" onto public java.lang.Object com.firesoon.idaweb.web.common.CommonController.upload(org.springframework.web.multipart.MultipartFile,javax.servlet.http.HttpServletRequest) throws java.io.IOException
2018-12-17 17:02:03.104  INFO 11460 --- [main] s.w.s.m.m.a.RequestMappingHandlerMapping : Mapped "{[/api/common/import],methods=[POST]}" onto public java.lang.Object com.firesoon.idaweb.web.common.CommonController.importXls(java.util.Map<java.lang.String, java.lang.Object>)
2018-12-17 17:02:03.112  INFO 11460 --- [main] s.w.s.m.m.a.RequestMappingHandlerMapping : Mapped "{[/api/importRecord/query],methods=[GET || POST]}" onto public java.lang.Object com.firesoon.idaweb.web.importRecord.ImportRecordController.query(java.util.Map<java.lang.String, java.lang.Object>)
2018-12-17 17:02:03.112  INFO 11460 --- [main] s.w.s.m.m.a.RequestMappingHandlerMapping : Mapped "{[/api/importRecord/download],methods=[GET || POST]}" onto public void com.firesoon.idaweb.web.importRecord.ImportRecordController.download(java.util.Map<java.lang.String, java.lang.Object>,javax.servlet.http.HttpServletResponse,javax.servlet.http.HttpServletRequest) throws java.io.IOException
2018-12-17 17:02:03.113  INFO 11460 --- [main] s.w.s.m.m.a.RequestMappingHandlerMapping : Mapped "{[/api/demo/a],methods=[GET]}" onto public java.lang.Object com.firesoon.idaweb.web.user.DemoController.a()
2018-12-17 17:02:03.114  INFO 11460 --- [main] s.w.s.m.m.a.RequestMappingHandlerMapping : Mapped "{[/logout],methods=[POST || GET]}" onto public java.lang.Object com.firesoon.idaweb.web.user.LoginController.logout()
2018-12-17 17:02:03.114  INFO 11460 --- [main] s.w.s.m.m.a.RequestMappingHandlerMapping : Mapped "{[/api/user/user],methods=[POST || GET]}" onto public java.lang.Object com.firesoon.idaweb.web.user.UserController.getUser()
2018-12-17 17:02:03.160  INFO 11460 --- [main] s.w.s.m.m.a.RequestMappingHandlerMapping : Mapped "{[/swagger-resources/configuration/ui]}" onto public org.springframework.http.ResponseEntity<springfox.documentation.swagger.web.UiConfiguration> springfox.documentation.swagger.web.ApiResourceController.uiConfiguration()
2018-12-17 17:02:03.161  INFO 11460 --- [main] s.w.s.m.m.a.RequestMappingHandlerMapping : Mapped "{[/swagger-resources]}" onto public org.springframework.http.ResponseEntity<java.util.List<springfox.documentation.swagger.web.SwaggerResource>> springfox.documentation.swagger.web.ApiResourceController.swaggerResources()
2018-12-17 17:02:03.161  INFO 11460 --- [main] s.w.s.m.m.a.RequestMappingHandlerMapping : Mapped "{[/swagger-resources/configuration/security]}" onto public org.springframework.http.ResponseEntity<springfox.documentation.swagger.web.SecurityConfiguration> springfox.documentation.swagger.web.ApiResourceController.securityConfiguration()
2018-12-17 17:02:03.167  INFO 11460 --- [main] s.w.s.m.m.a.RequestMappingHandlerMapping : Mapped "{[/error]}" onto public org.springframework.http.ResponseEntity<java.util.Map<java.lang.String, java.lang.Object>> org.springframework.boot.autoconfigure.web.servlet.error.BasicErrorController.error(javax.servlet.http.HttpServletRequest)
2018-12-17 17:02:03.168  INFO 11460 --- [main] s.w.s.m.m.a.RequestMappingHandlerMapping : Mapped "{[/error],produces=[text/html]}" onto public org.springframework.web.servlet.ModelAndView org.springframework.boot.autoconfigure.web.servlet.error.BasicErrorController.errorHtml(javax.servlet.http.HttpServletRequest,javax.servlet.http.HttpServletResponse)
2018-12-17 17:02:03.647  INFO 11460 --- [main] pertySourcedRequestMappingHandlerMapping : Mapped URL path [/v2/api-docs] onto method [public org.springframework.http.ResponseEntity<springfox.documentation.spring.web.json.Json> springfox.documentation.swagger2.web.Swagger2Controller.getDocumentation(java.lang.String,javax.servlet.http.HttpServletRequest)]
2018-12-17 17:02:04.267  INFO 11460 --- [main] o.s.w.s.handler.SimpleUrlHandlerMapping  : Mapped URL path [/**/favicon.ico] onto handler of type [class org.springframework.web.servlet.resource.ResourceHttpRequestHandler]
2018-12-17 17:02:05.354  INFO 11460 --- [main] s.w.s.m.m.a.RequestMappingHandlerAdapter : Looking for @ControllerAdvice: org.springframework.web.context.support.GenericWebApplicationContext@2f01783a: startup date [Mon Dec 17 17:01:53 CST 2018]; root of context hierarchy
2018-12-17 17:02:05.594  INFO 11460 --- [main] o.s.w.s.handler.SimpleUrlHandlerMapping  : Mapped URL path [/webjars/**] onto handler of type [class org.springframework.web.servlet.resource.ResourceHttpRequestHandler]
2018-12-17 17:02:05.595  INFO 11460 --- [main] o.s.w.s.handler.SimpleUrlHandlerMapping  : Mapped URL path [/**] onto handler of type [class org.springframework.web.servlet.resource.ResourceHttpRequestHandler]
2018-12-17 17:02:05.621  INFO 11460 --- [main] .m.m.a.ExceptionHandlerExceptionResolver : Detected @ExceptionHandler methods in appealTemplateController
2018-12-17 17:02:05.621  INFO 11460 --- [main] .m.m.a.ExceptionHandlerExceptionResolver : Detected @ExceptionHandler methods in baseController
2018-12-17 17:02:05.621  INFO 11460 --- [main] .m.m.a.ExceptionHandlerExceptionResolver : Detected @ExceptionHandler methods in chargeBillController
2018-12-17 17:02:05.621  INFO 11460 --- [main] .m.m.a.ExceptionHandlerExceptionResolver : Detected @ExceptionHandler methods in chargeBillDetailController
2018-12-17 17:02:05.621  INFO 11460 --- [main] .m.m.a.ExceptionHandlerExceptionResolver : Detected @ExceptionHandler methods in commonController
2018-12-17 17:02:05.622  INFO 11460 --- [main] .m.m.a.ExceptionHandlerExceptionResolver : Detected @ExceptionHandler methods in importRecordController
2018-12-17 17:02:05.622  INFO 11460 --- [main] .m.m.a.ExceptionHandlerExceptionResolver : Detected @ExceptionHandler methods in demoController
2018-12-17 17:02:05.622  INFO 11460 --- [main] .m.m.a.ExceptionHandlerExceptionResolver : Detected @ExceptionHandler methods in loginController
2018-12-17 17:02:05.622  INFO 11460 --- [main] .m.m.a.ExceptionHandlerExceptionResolver : Detected @ExceptionHandler methods in userController
2018-12-17 17:02:08.385  INFO 11460 --- [main] io.lettuce.core.EpollProvider            : Starting without optional epoll library
2018-12-17 17:02:08.387  INFO 11460 --- [main] io.lettuce.core.KqueueProvider           : Starting without optional kqueue library
2018-12-17 17:02:09.833  INFO 11460 --- [main] o.s.c.support.DefaultLifecycleProcessor  : Starting beans in phase 2147483647
2018-12-17 17:02:09.833  INFO 11460 --- [main] d.s.w.p.DocumentationPluginsBootstrapper : Context refreshed
2018-12-17 17:02:09.879  INFO 11460 --- [main] d.s.w.p.DocumentationPluginsBootstrapper : Found 1 custom documentation plugin(s)
2018-12-17 17:02:09.946  INFO 11460 --- [main] s.d.s.w.s.ApiListingReferenceScanner     : Scanning for api listing references
2018-12-17 17:02:10.194  INFO 11460 --- [main] .d.s.w.r.o.CachingOperationNameGenerator : Generating unique operation named: deleteUsingPOST_1
2018-12-17 17:02:10.196  INFO 11460 --- [main] .d.s.w.r.o.CachingOperationNameGenerator : Generating unique operation named: deleteUsingGET_1
2018-12-17 17:02:10.198  INFO 11460 --- [main] .d.s.w.r.o.CachingOperationNameGenerator : Generating unique operation named: queryUsingPOST_1
2018-12-17 17:02:10.199  INFO 11460 --- [main] .d.s.w.r.o.CachingOperationNameGenerator : Generating unique operation named: queryUsingGET_1
2018-12-17 17:02:10.247  INFO 11460 --- [main] .d.s.w.r.o.CachingOperationNameGenerator : Generating unique operation named: queryUsingPOST_2
2018-12-17 17:02:10.250  INFO 11460 --- [main] .d.s.w.r.o.CachingOperationNameGenerator : Generating unique operation named: queryUsingGET_2
2018-12-17 17:02:10.265  INFO 11460 --- [main] .d.s.w.r.o.CachingOperationNameGenerator : Generating unique operation named: queryUsingGET_3
2018-12-17 17:02:10.266  INFO 11460 --- [main] .d.s.w.r.o.CachingOperationNameGenerator : Generating unique operation named: queryUsingPOST_3
2018-12-17 17:02:10.624  INFO 11460 --- [main] s.a.ScheduledAnnotationBeanPostProcessor : No TaskScheduler/ScheduledExecutorService bean found for scheduled processing
2018-12-17 17:02:10.638  INFO 11460 --- [main] c.f.idaweb.IdaWebApplicationTests        : Started IdaWebApplicationTests in 18.053 seconds (JVM running for 19.978)
2018-12-17 17:02:10.944  INFO 11460 --- [Thread-4] o.s.w.c.s.GenericWebApplicationContext   : Closing org.springframework.web.context.support.GenericWebApplicationContext@2f01783a: startup date [Mon Dec 17 17:01:53 CST 2018]; root of context hierarchy
2018-12-17 17:02:10.948  INFO 11460 --- [Thread-4] o.s.c.support.DefaultLifecycleProcessor  : Stopping beans in phase 2147483647
